<?xml version="1.0" encoding="UTF-8"?>
<testng-results ignored="0" total="3" passed="3" failed="0" skipped="0">
  <reporter-output>
  </reporter-output>
  <suite started-at="2021-11-17T16:57:12 IST" name="Suite" finished-at="2021-11-17T16:57:46 IST" duration-ms="33838">
    <groups>
    </groups>
    <test started-at="2021-11-17T16:57:12 IST" name="Test" finished-at="2021-11-17T16:57:46 IST" duration-ms="33838">
      <class name="qaclickacademy.CustomerSignInTest">
        <test-method signature="mobileNumberVerification()[pri:0, instance:qaclickacademy.CustomerSignInTest@5a63f509]" started-at="2021-11-17T16:57:12 IST" name="mobileNumberVerification" finished-at="2021-11-17T16:57:27 IST" duration-ms="15011" status="PASS">
          <reporter-output>
          </reporter-output>
        </test-method> <!-- mobileNumberVerification -->
        <test-method signature="passwordVerification()[pri:0, instance:qaclickacademy.CustomerSignInTest@5a63f509]" started-at="2021-11-17T16:57:27 IST" name="passwordVerification" finished-at="2021-11-17T16:57:39 IST" duration-ms="11838" status="PASS">
          <reporter-output>
          </reporter-output>
        </test-method> <!-- passwordVerification -->
        <test-method signature="successfullyLogin()[pri:0, instance:qaclickacademy.CustomerSignInTest@5a63f509]" started-at="2021-11-17T16:57:39 IST" name="successfullyLogin" finished-at="2021-11-17T16:57:46 IST" duration-ms="6953" status="PASS">
          <reporter-output>
          </reporter-output>
        </test-method> <!-- successfullyLogin -->
      </class> <!-- qaclickacademy.CustomerSignInTest -->
    </test> <!-- Test -->
  </suite> <!-- Suite -->
</testng-results>
