<?xml version="1.0" encoding="UTF-8"?>
<!-- Generated by org.testng.reporters.JUnitXMLReporter -->
<testsuite ignored="0" hostname="DESKTOP-U5U852D" failures="0" tests="4" name="Test" time="56.185" errors="0" timestamp="2021-11-24T09:24:22 IST">
  <testcase classname="Academy.HomePageTest" name="basepageNavigation" time="14.508"/>
  <testcase classname="Academy.HomePageTest" name="basepageNavigation" time="15.003"/>
  <testcase classname="Academy.ValidateNavigationBar" name="basepageNavigation" time="10.133"/>
  <testcase classname="Academy.ValidateTitleTest" name="basepageNavigation" time="5.068"/>
</testsuite> <!-- Test -->
