<?xml version="1.0" encoding="UTF-8"?>
<testng-results ignored="0" total="1" passed="1" failed="0" skipped="0">
  <reporter-output>
  </reporter-output>
  <suite started-at="2021-12-07T13:07:38 IST" name="Default suite" finished-at="2021-12-07T13:08:02 IST" duration-ms="23438">
    <groups>
    </groups>
    <test started-at="2021-12-07T13:07:38 IST" name="Default test" finished-at="2021-12-07T13:08:02 IST" duration-ms="23438">
      <class name="Academy.PricingTest">
        <test-method is-config="true" signature="initiallize()[pri:0, instance:Academy.PricingTest@2f7298b]" started-at="2021-12-07T13:07:38 IST" name="initiallize" finished-at="2021-12-07T13:07:46 IST" duration-ms="7467" status="PASS">
          <reporter-output>
          </reporter-output>
        </test-method> <!-- initiallize -->
        <test-method signature="basepageNavigation()[pri:0, instance:Academy.PricingTest@2f7298b]" started-at="2021-12-07T13:07:46 IST" name="basepageNavigation" finished-at="2021-12-07T13:08:02 IST" duration-ms="15949" status="PASS">
          <reporter-output>
          </reporter-output>
        </test-method> <!-- basepageNavigation -->
      </class> <!-- Academy.PricingTest -->
    </test> <!-- Default test -->
  </suite> <!-- Default suite -->
</testng-results>
