<?xml version="1.0" encoding="UTF-8"?>
<testng-results ignored="0" total="1" passed="1" failed="0" skipped="0">
  <reporter-output>
  </reporter-output>
  <suite started-at="2021-11-24T18:51:27 IST" name="Default suite" finished-at="2021-11-24T18:52:00 IST" duration-ms="33107">
    <groups>
    </groups>
    <test started-at="2021-11-24T18:51:27 IST" name="Default test" finished-at="2021-11-24T18:52:00 IST" duration-ms="33107">
      <class name="Academy.HomePageTest">
        <test-method is-config="true" signature="initiallize()[pri:0, instance:Academy.HomePageTest@68999068]" started-at="2021-11-24T18:51:27 IST" name="initiallize" finished-at="2021-11-24T18:51:41 IST" duration-ms="13821" status="PASS">
          <reporter-output>
          </reporter-output>
        </test-method> <!-- initiallize -->
        <test-method signature="basepageNavigation()[pri:0, instance:Academy.HomePageTest@68999068]" started-at="2021-11-24T18:51:41 IST" name="basepageNavigation" finished-at="2021-11-24T18:52:00 IST" duration-ms="19193" status="PASS">
          <reporter-output>
          </reporter-output>
        </test-method> <!-- basepageNavigation -->
      </class> <!-- Academy.HomePageTest -->
    </test> <!-- Default test -->
  </suite> <!-- Default suite -->
</testng-results>
