<?xml version="1.0" encoding="UTF-8"?>
<testng-results ignored="0" total="6" passed="6" failed="0" skipped="0">
  <reporter-output>
  </reporter-output>
  <suite started-at="2021-11-17T13:59:20 IST" name="Suite" finished-at="2021-11-17T13:59:20 IST" duration-ms="36">
    <groups>
    </groups>
    <test started-at="2021-11-17T13:59:20 IST" name="Test" finished-at="2021-11-17T13:59:20 IST" duration-ms="36">
      <class name="qaclickacademy.AppiumTest">
        <test-method signature="IoApps()[pri:0, instance:qaclickacademy.AppiumTest@222114ba]" started-at="2021-11-17T13:59:20 IST" name="IoApps" finished-at="2021-11-17T13:59:20 IST" duration-ms="3" status="PASS">
          <reporter-output>
          </reporter-output>
        </test-method> <!-- IoApps -->
        <test-method signature="NativeAppAndroid()[pri:0, instance:qaclickacademy.AppiumTest@222114ba]" started-at="2021-11-17T13:59:20 IST" name="NativeAppAndroid" finished-at="2021-11-17T13:59:20 IST" duration-ms="0" status="PASS">
          <reporter-output>
          </reporter-output>
        </test-method> <!-- NativeAppAndroid -->
      </class> <!-- qaclickacademy.AppiumTest -->
      <class name="qaclickacademy.RESTAPITest">
        <test-method signature="deleteTwitter()[pri:0, instance:qaclickacademy.RESTAPITest@15b204a1]" started-at="2021-11-17T13:59:20 IST" name="deleteTwitter" finished-at="2021-11-17T13:59:20 IST" duration-ms="1" status="PASS">
          <reporter-output>
          </reporter-output>
        </test-method> <!-- deleteTwitter -->
        <test-method signature="postJira()[pri:0, instance:qaclickacademy.RESTAPITest@15b204a1]" started-at="2021-11-17T13:59:20 IST" name="postJira" finished-at="2021-11-17T13:59:20 IST" duration-ms="0" status="PASS">
          <reporter-output>
          </reporter-output>
        </test-method> <!-- postJira -->
      </class> <!-- qaclickacademy.RESTAPITest -->
      <class name="qaclickacademy.SeleniumTest">
        <test-method signature="BrowserAutomation()[pri:0, instance:qaclickacademy.SeleniumTest@124c278f]" started-at="2021-11-17T13:59:20 IST" name="BrowserAutomation" finished-at="2021-11-17T13:59:20 IST" duration-ms="0" status="PASS">
          <reporter-output>
          </reporter-output>
        </test-method> <!-- BrowserAutomation -->
        <test-method signature="ElementsUi()[pri:0, instance:qaclickacademy.SeleniumTest@124c278f]" started-at="2021-11-17T13:59:20 IST" name="ElementsUi" finished-at="2021-11-17T13:59:20 IST" duration-ms="1" status="PASS">
          <reporter-output>
          </reporter-output>
        </test-method> <!-- ElementsUi -->
      </class> <!-- qaclickacademy.SeleniumTest -->
    </test> <!-- Test -->
  </suite> <!-- Suite -->
</testng-results>
