<?xml version="1.0" encoding="UTF-8"?>
<testng-results ignored="0" total="2" passed="2" failed="0" skipped="0">
  <reporter-output>
  </reporter-output>
  <suite started-at="2021-11-24T10:05:27 IST" name="Default suite" finished-at="2021-11-24T10:05:57 IST" duration-ms="30708">
    <groups>
    </groups>
    <test started-at="2021-11-24T10:05:27 IST" name="Default test" finished-at="2021-11-24T10:05:57 IST" duration-ms="30708">
      <class name="Academy.HomePageTest">
        <test-method signature="basepageNavigation(java.lang.String,java.lang.String)[pri:0, instance:Academy.HomePageTest@1dde4cb2]" started-at="2021-11-24T10:05:27 IST" name="basepageNavigation" data-provider="getData" finished-at="2021-11-24T10:05:42 IST" duration-ms="15499" status="PASS">
          <params>
            <param index="0">
              <value>
                <![CDATA[restricteduser@gmail.com]]>
              </value>
            </param>
            <param index="1">
              <value>
                <![CDATA[123456]]>
              </value>
            </param>
          </params>
          <reporter-output>
          </reporter-output>
        </test-method> <!-- basepageNavigation -->
        <test-method signature="basepageNavigation(java.lang.String,java.lang.String)[pri:0, instance:Academy.HomePageTest@1dde4cb2]" started-at="2021-11-24T10:05:42 IST" name="basepageNavigation" data-provider="getData" finished-at="2021-11-24T10:05:57 IST" duration-ms="15082" status="PASS">
          <params>
            <param index="0">
              <value>
                <![CDATA[nonrestricteduser@gmal.com]]>
              </value>
            </param>
            <param index="1">
              <value>
                <![CDATA[1234567]]>
              </value>
            </param>
          </params>
          <reporter-output>
          </reporter-output>
        </test-method> <!-- basepageNavigation -->
        <test-method is-config="true" signature="teardown()[pri:0, instance:Academy.HomePageTest@1dde4cb2]" started-at="2021-11-24T10:05:57 IST" name="teardown" finished-at="2021-11-24T10:05:57 IST" duration-ms="80" status="PASS">
          <reporter-output>
          </reporter-output>
        </test-method> <!-- teardown -->
      </class> <!-- Academy.HomePageTest -->
    </test> <!-- Default test -->
  </suite> <!-- Default suite -->
</testng-results>
