<?xml version="1.0" encoding="UTF-8"?>
<!-- Generated by org.testng.reporters.JUnitXMLReporter -->
<testsuite ignored="0" hostname="DESKTOP-U5U852D" failures="1" tests="2" name="Test" time="37.594" errors="0" timestamp="2021-12-24T12:59:05 IST">
  <testcase classname="com.saucelab.qa.testcases.SolutionsTest" name="liveTesting" time="1.978">
    <failure type="java.lang.AssertionError" message="expected [LIVE TESTING1] but found [LIVE TESTING]">
      <![CDATA[java.lang.AssertionError: expected [LIVE TESTING1] but found [LIVE TESTING]
at com.saucelab.qa.testcases.SolutionsTest.liveTesting(SolutionsTest.java:88)
at java.base/java.util.ArrayList.forEach(ArrayList.java:1511)
... Removed 33 stack frames]]>
    </failure>
  </testcase> <!-- liveTesting -->
  <testcase classname="com.saucelab.qa.testcases.SolutionsTest" name="startups" time="3.285"/>
</testsuite> <!-- Test -->
