<?xml version="1.0" encoding="UTF-8"?>
<!-- Generated by org.testng.reporters.JUnitXMLReporter -->
<testsuite ignored="0" hostname="DESKTOP-U5U852D" failures="0" tests="3" name="Test" time="28.394" errors="0" timestamp="2021-11-17T17:52:21 IST">
  <testcase classname="qaclickacademy.CustomerSignInTest" name="mobileNumberVerification" time="11.878"/>
  <testcase classname="qaclickacademy.CustomerSignInTest" name="passwordVerification" time="10.649"/>
  <testcase classname="qaclickacademy.CustomerSignInTest" name="successfullyLogin" time="5.843"/>
</testsuite> <!-- Test -->
