<?xml version="1.0" encoding="UTF-8"?>
<testng-results ignored="0" total="3" passed="3" failed="0" skipped="0">
  <reporter-output>
  </reporter-output>
  <suite started-at="2021-11-17T17:51:53 IST" name="Suite" finished-at="2021-11-17T17:52:21 IST" duration-ms="28394">
    <groups>
    </groups>
    <test started-at="2021-11-17T17:51:53 IST" name="Test" finished-at="2021-11-17T17:52:21 IST" duration-ms="28394">
      <class name="qaclickacademy.CustomerSignInTest">
        <test-method signature="mobileNumberVerification()[pri:0, instance:qaclickacademy.CustomerSignInTest@3d121db3]" started-at="2021-11-17T17:51:53 IST" name="mobileNumberVerification" finished-at="2021-11-17T17:52:05 IST" duration-ms="11878" status="PASS">
          <reporter-output>
          </reporter-output>
        </test-method> <!-- mobileNumberVerification -->
        <test-method signature="passwordVerification()[pri:0, instance:qaclickacademy.CustomerSignInTest@3d121db3]" started-at="2021-11-17T17:52:05 IST" name="passwordVerification" finished-at="2021-11-17T17:52:15 IST" duration-ms="10649" status="PASS">
          <reporter-output>
          </reporter-output>
        </test-method> <!-- passwordVerification -->
        <test-method signature="successfullyLogin()[pri:0, instance:qaclickacademy.CustomerSignInTest@3d121db3]" started-at="2021-11-17T17:52:15 IST" name="successfullyLogin" finished-at="2021-11-17T17:52:21 IST" duration-ms="5843" status="PASS">
          <reporter-output>
          </reporter-output>
        </test-method> <!-- successfullyLogin -->
      </class> <!-- qaclickacademy.CustomerSignInTest -->
    </test> <!-- Test -->
  </suite> <!-- Suite -->
</testng-results>
