<?xml version="1.0" encoding="UTF-8"?>
<!-- Generated by org.testng.reporters.JUnitXMLReporter -->
<testsuite ignored="0" hostname="DESKTOP-U5U852D" failures="0" tests="6" name="Default test" time="130.365" errors="0" timestamp="2022-01-10T18:45:58 IST">
  <testcase classname="com.saucelab.qa.testcases.SolutionsTest" name="automatedTesting" time="6.626"/>
  <testcase classname="com.saucelab.qa.testcases.SolutionsTest" name="continuousTesting" time="5.671"/>
  <testcase classname="com.saucelab.qa.testcases.SolutionsTest" name="liveTesting" time="6.526"/>
  <testcase classname="com.saucelab.qa.testcases.SolutionsTest" name="openSourceProjects" time="7.195"/>
  <testcase classname="com.saucelab.qa.testcases.SolutionsTest" name="solutions" time="6.24"/>
  <testcase classname="com.saucelab.qa.testcases.SolutionsTest" name="startups" time="6.624"/>
</testsuite> <!-- Default test -->
