<?xml version="1.0" encoding="UTF-8"?>
<!-- Generated by org.testng.reporters.JUnitXMLReporter -->
<testsuite ignored="0" hostname="DESKTOP-U5U852D" failures="0" tests="4" name="Test" time="115.892" errors="0" timestamp="2021-11-24T16:59:13 IST">
  <testcase classname="Academy.HomePageTest" name="basepageNavigation" time="14.711"/>
  <testcase classname="Academy.SolutionsTest" name="basepageNavigation" time="11.981"/>
  <testcase classname="Academy.PricingTest" name="basepageNavigation" time="19.689"/>
  <testcase classname="Academy.TryItFreeTest" name="basepageNavigation" time="6.712"/>
</testsuite> <!-- Test -->
