<?xml version="1.0" encoding="UTF-8"?>
<!-- Generated by org.testng.reporters.JUnitXMLReporter -->
<testsuite ignored="0" hostname="DESKTOP-U5U852D" failures="1" tests="1" name="Test3" time="16.781" errors="0" timestamp="2021-12-02T14:28:28 IST">
  <testcase classname="Academy.PricingTest" name="basepageNavigation" time="9.077">
    <failure type="java.lang.AssertionError" message="expected [PRICING PLANS1] but found [PRICING PLANS]">
      <![CDATA[java.lang.AssertionError: expected [PRICING PLANS1] but found [PRICING PLANS]
at Academy.PricingTest.basepageNavigation(PricingTest.java:37)
at java.base/java.util.ArrayList.forEach(ArrayList.java:1511)
... Removed 33 stack frames]]>
    </failure>
  </testcase> <!-- basepageNavigation -->
</testsuite> <!-- Test3 -->
