<?xml version="1.0" encoding="UTF-8"?>
<!-- Generated by org.testng.reporters.JUnitXMLReporter -->
<testsuite ignored="0" hostname="DESKTOP-U5U852D" failures="0" tests="3" name="Test" time="33.838" errors="0" timestamp="2021-11-17T16:57:46 IST">
  <testcase classname="qaclickacademy.CustomerSignInTest" name="mobileNumberVerification" time="15.011"/>
  <testcase classname="qaclickacademy.CustomerSignInTest" name="passwordVerification" time="11.838"/>
  <testcase classname="qaclickacademy.CustomerSignInTest" name="successfullyLogin" time="6.953"/>
</testsuite> <!-- Test -->
