<?xml version="1.0" encoding="UTF-8"?>
<testng-results ignored="0" total="6" passed="6" failed="0" skipped="0">
  <reporter-output>
  </reporter-output>
  <suite started-at="2022-01-10T18:43:48 IST" name="Default suite" finished-at="2022-01-10T18:45:58 IST" duration-ms="130365">
    <groups>
    </groups>
    <test started-at="2022-01-10T18:43:48 IST" name="Default test" finished-at="2022-01-10T18:45:58 IST" duration-ms="130365">
      <class name="com.saucelab.qa.testcases.SolutionsTest">
        <test-method is-config="true" signature="setUp()[pri:0, instance:com.saucelab.qa.testcases.SolutionsTest@1ab3a8c8]" started-at="2022-01-10T18:43:48 IST" name="setUp" finished-at="2022-01-10T18:44:06 IST" duration-ms="18095" status="PASS">
          <reporter-output>
          </reporter-output>
        </test-method> <!-- setUp -->
        <test-method signature="automatedTesting()[pri:0, instance:com.saucelab.qa.testcases.SolutionsTest@1ab3a8c8]" started-at="2022-01-10T18:44:06 IST" name="automatedTesting" finished-at="2022-01-10T18:44:12 IST" duration-ms="6626" status="PASS">
          <reporter-output>
          </reporter-output>
        </test-method> <!-- automatedTesting -->
        <test-method is-config="true" signature="tearDown()[pri:0, instance:com.saucelab.qa.testcases.SolutionsTest@1ab3a8c8]" started-at="2022-01-10T18:44:12 IST" name="tearDown" finished-at="2022-01-10T18:44:13 IST" duration-ms="452" status="PASS">
          <reporter-output>
          </reporter-output>
        </test-method> <!-- tearDown -->
        <test-method is-config="true" signature="setUp()[pri:0, instance:com.saucelab.qa.testcases.SolutionsTest@1ab3a8c8]" started-at="2022-01-10T18:44:13 IST" name="setUp" finished-at="2022-01-10T18:44:27 IST" duration-ms="14519" status="PASS">
          <reporter-output>
          </reporter-output>
        </test-method> <!-- setUp -->
        <test-method signature="continuousTesting()[pri:0, instance:com.saucelab.qa.testcases.SolutionsTest@1ab3a8c8]" started-at="2022-01-10T18:44:27 IST" name="continuousTesting" finished-at="2022-01-10T18:44:33 IST" duration-ms="5671" status="PASS">
          <reporter-output>
          </reporter-output>
        </test-method> <!-- continuousTesting -->
        <test-method is-config="true" signature="tearDown()[pri:0, instance:com.saucelab.qa.testcases.SolutionsTest@1ab3a8c8]" started-at="2022-01-10T18:44:33 IST" name="tearDown" finished-at="2022-01-10T18:44:34 IST" duration-ms="478" status="PASS">
          <reporter-output>
          </reporter-output>
        </test-method> <!-- tearDown -->
        <test-method is-config="true" signature="setUp()[pri:0, instance:com.saucelab.qa.testcases.SolutionsTest@1ab3a8c8]" started-at="2022-01-10T18:44:34 IST" name="setUp" finished-at="2022-01-10T18:44:48 IST" duration-ms="14178" status="PASS">
          <reporter-output>
          </reporter-output>
        </test-method> <!-- setUp -->
        <test-method signature="liveTesting()[pri:0, instance:com.saucelab.qa.testcases.SolutionsTest@1ab3a8c8]" started-at="2022-01-10T18:44:48 IST" name="liveTesting" finished-at="2022-01-10T18:44:54 IST" duration-ms="6526" status="PASS">
          <reporter-output>
          </reporter-output>
        </test-method> <!-- liveTesting -->
        <test-method is-config="true" signature="tearDown()[pri:0, instance:com.saucelab.qa.testcases.SolutionsTest@1ab3a8c8]" started-at="2022-01-10T18:44:54 IST" name="tearDown" finished-at="2022-01-10T18:44:55 IST" duration-ms="337" status="PASS">
          <reporter-output>
          </reporter-output>
        </test-method> <!-- tearDown -->
        <test-method is-config="true" signature="setUp()[pri:0, instance:com.saucelab.qa.testcases.SolutionsTest@1ab3a8c8]" started-at="2022-01-10T18:44:55 IST" name="setUp" finished-at="2022-01-10T18:45:09 IST" duration-ms="14044" status="PASS">
          <reporter-output>
          </reporter-output>
        </test-method> <!-- setUp -->
        <test-method signature="openSourceProjects()[pri:0, instance:com.saucelab.qa.testcases.SolutionsTest@1ab3a8c8]" started-at="2022-01-10T18:45:09 IST" name="openSourceProjects" finished-at="2022-01-10T18:45:16 IST" duration-ms="7195" status="PASS">
          <reporter-output>
          </reporter-output>
        </test-method> <!-- openSourceProjects -->
        <test-method is-config="true" signature="tearDown()[pri:0, instance:com.saucelab.qa.testcases.SolutionsTest@1ab3a8c8]" started-at="2022-01-10T18:45:16 IST" name="tearDown" finished-at="2022-01-10T18:45:16 IST" duration-ms="352" status="PASS">
          <reporter-output>
          </reporter-output>
        </test-method> <!-- tearDown -->
        <test-method is-config="true" signature="setUp()[pri:0, instance:com.saucelab.qa.testcases.SolutionsTest@1ab3a8c8]" started-at="2022-01-10T18:45:16 IST" name="setUp" finished-at="2022-01-10T18:45:30 IST" duration-ms="14194" status="PASS">
          <reporter-output>
          </reporter-output>
        </test-method> <!-- setUp -->
        <test-method signature="solutions()[pri:0, instance:com.saucelab.qa.testcases.SolutionsTest@1ab3a8c8]" started-at="2022-01-10T18:45:30 IST" name="solutions" finished-at="2022-01-10T18:45:37 IST" duration-ms="6240" status="PASS">
          <reporter-output>
          </reporter-output>
        </test-method> <!-- solutions -->
        <test-method is-config="true" signature="tearDown()[pri:0, instance:com.saucelab.qa.testcases.SolutionsTest@1ab3a8c8]" started-at="2022-01-10T18:45:37 IST" name="tearDown" finished-at="2022-01-10T18:45:37 IST" duration-ms="375" status="PASS">
          <reporter-output>
          </reporter-output>
        </test-method> <!-- tearDown -->
        <test-method is-config="true" signature="setUp()[pri:0, instance:com.saucelab.qa.testcases.SolutionsTest@1ab3a8c8]" started-at="2022-01-10T18:45:37 IST" name="setUp" finished-at="2022-01-10T18:45:51 IST" duration-ms="14017" status="PASS">
          <reporter-output>
          </reporter-output>
        </test-method> <!-- setUp -->
        <test-method signature="startups()[pri:0, instance:com.saucelab.qa.testcases.SolutionsTest@1ab3a8c8]" started-at="2022-01-10T18:45:51 IST" name="startups" finished-at="2022-01-10T18:45:58 IST" duration-ms="6624" status="PASS">
          <reporter-output>
          </reporter-output>
        </test-method> <!-- startups -->
        <test-method is-config="true" signature="tearDown()[pri:0, instance:com.saucelab.qa.testcases.SolutionsTest@1ab3a8c8]" started-at="2022-01-10T18:45:58 IST" name="tearDown" finished-at="2022-01-10T18:45:58 IST" duration-ms="358" status="PASS">
          <reporter-output>
          </reporter-output>
        </test-method> <!-- tearDown -->
      </class> <!-- com.saucelab.qa.testcases.SolutionsTest -->
    </test> <!-- Default test -->
  </suite> <!-- Default suite -->
</testng-results>
